app/proguard-rules.pro
# Add project specific ProGuard rules here.
# You can control the set of applied configuration files using the
# proguardFiles setting in build.gradle.
#
# For more details, see
#   http://developer.android.com/guide/developing/tools/proguard.html

# If your project uses WebView with JS, uncomment the following
# and specify the fully qualified class name to the JavaScript interface
# class:
#-keepclassmembers class fqcn.of.javascript.interface.for.webview {
#   public *;
#}

# Uncomment this to preserve the line number information for
# debugging stack traces.
#-keepattributes SourceFile,LineNumberTable

# If you keep the line number information, uncomment this to
# hide the original source file name.
#-renamesourcefileattribute SourceFile


#############################################
#
# 对于一些基本指令的添加
#
#############################################
# 代码混淆压缩比，在0~7之间，默认为5，一般不做修改
-optimizationpasses 5

# 混合时不使用大小写混合，混合后的类名为小写
-dontusemixedcaseclassnames

# 指定不去忽略非公共库的类
-dontskipnonpubliclibraryclasses

# 混淆过程打印日志的级别
-verbose

# 指定不去忽略非公共库的类成员
-dontskipnonpubliclibraryclassmembers

# 不做预校验，preverify是proguard的四个步骤之一，Android不需要preverify，去掉这一步能够加快混淆速度。
-dontpreverify

# dex打包时会自己做优化操作
# 不使用优化方案
#-dontoptimize

# 保留Annotation不混淆
-keepattributes *Annotation*,InnerClasses

# 避免混淆泛型
-keepattributes Signature,*Annotation*

# 抛出异常时保留代码行号
-keepattributes SourceFile,LineNumberTable

# 指定混淆是采用的算法，后面的参数是一个过滤器
# 这个过滤器是谷歌推荐的算法，一般不做更改
-optimizations !code/simplification/cast,!field/*,!class/merging/*

 # 抑制警告
-ignorewarnings

#############################################
#
# Android开发中一些需要保留的公共部分
#
#############################################

# 保留我们使用的四大组件，自定义的Application等等这些类不被混淆
# 因为这些子类都有可能被外部调用
-keep public class * extends android.app.Activity
-keep public class * extends android.app.Appliction
-keep public class * extends android.app.Service
-keep public class * extends android.content.BroadcastReceiver
-keep public class * extends android.content.ContentProvider
-keep public class * extends android.app.backup.BackupAgentHelper
-keep public class * extends android.preference.Preference
-keep public class * extends android.view.View
#-keep public class com.android.vending.licensing.ILicensingService


# 保留support下的所有类及其内部类
-dontwarn android.support.v4.**
-keep class android.support.** {*;}

# 保留继承的
-keep public class * extends android.support.v4.**
-keep public class * extends android.support.v7.**
-keep public class * extends android.support.annotation.**

# 保留R下面的资源
-keep class **.R$* {*;}

# 保留本地native方法不被混淆
-keepclasseswithmembernames class * {
    native <methods>;
}

# 保留在Activity中的方法参数是view的方法，
# 这样以来我们在layout中写的onClick就不会被影响
-keepclassmembers class * extends android.app.Activity{
    public void *(android.view.View);
}

# 保留枚举类不被混淆
-keepclassmembers enum * {
    public static **[] values();
    public static ** valueOf(java.lang.String);
}

# 保留我们自定义控件（继承自View）不被混淆
-keep public class * extends android.view.View{
    *** get*();
    void set*(***);
    public <init>(android.content.Context);
    public <init>(android.content.Context, android.util.AttributeSet);
    public <init>(android.content.Context, android.util.AttributeSet, int);
}

# 保留Parcelable序列化类不被混淆
-keep class * implements android.os.Parcelable {
    public static final android.os.Parcelable$Creator *;
}

# 保留Serializable序列化的类不被混淆
-keepclassmembers class * implements java.io.Serializable {
    static final long serialVersionUID;
    private static final java.io.ObjectStreamField[] serialPersistentFields;
    !static !transient <fields>;
    !private <fields>;
    !private <methods>;
    private void writeObject(java.io.ObjectOutputStream);
    private void readObject(java.io.ObjectInputStream);
    java.lang.Object writeReplace();
    java.lang.Object readResolve();
}

# 保留Comparable不被混淆
-keepclassmembers class * implements java.lang.Comparable {
   public *;

}

# 对于带有回调函数的onXXEvent、**On*Listener的，不能被混淆
-keepclassmembers class * {
    void *(**On*Event);
    void *(**On*Listener);
}


# webView处理，项目中没有使用到webView忽略即可  替换成自己你自己定义的那个类名
#这是自己加入了登录的js
-keepclassmembers class com.android.healthmall.LoginInterface {
    public *;
}

-keepattributes *Annotation*
-keepattributes *JavascriptInterface*

-keepclassmembers class * extends android.webkit.webViewClient {
    public void *(android.webkit.WebView, java.lang.String, android.graphics.Bitmap);
    public boolean *(android.webkit.WebView, java.lang.String);
}
-keepclassmembers class * extends android.webkit.webViewClient {
    public void *(android.webkit.webView, jav.lang.String);
}

# 移除Log类打印各个等级日志的代码，打正式包的时候可以做为禁log使用，这里可以作为禁止log打印的功能使用
# 记得proguard-android.txt中一定不要加-dontoptimize才起作用
# 另外的一种实现方案是通过BuildConfig.DEBUG的变量来控制
-assumenosideeffects class android.util.Log {
    public static int v(...);
    public static int i(...);
    public static int w(...);
    public static int d(...);
    public static int e(...);
}


##--- For:Gson ---
-keepattributes *Annotation*
-keep class sun.misc.Unsafe { *; }
-keep class com.idea.fifaalarmclock.entity.***
-keep class com.google.gson.stream.** { *; }


#---For fastjson
-keep class com.alibaba.fastjson.** { *; }



#-----------处理实体类---------------
# 在开发的时候我们可以将所有的实体类放在一个包内，这样我们写一次混淆就行了。
-keep public class com.android.bean.** {
    public void set*(***);
    public *** get*();
    public *** is*();
}


##############################以上为基本设置，基本混淆都需要简单设置#############

# 保持LitePal不被混淆
-keep class org.litepal.** {
    *;
}
-keep class * extends org.litepal.crud.DataSupport {
    *;
}


# 高德定位
-keep class com.amap.api.location.**{*;}
-keep class com.amap.api.fence.**{*;}
-keep class com.autonavi.aps.amapapi.model.**{*;}

-ignorewarnings
-keepattributes Signature,*Annotation*

# keep BmobSDK不被混淆
-dontwarn cn.bmob.v3.**
-keep class cn.bmob.v3.** {*;}

# 确保JavaBean不被混淆-否则gson将无法将数据解析成具体对象
-keep class * extends cn.bmob.v3.BmobObject {
    *;
}
-keep class com.example.bmobexample.bean.BankCard{*;}
-keep class com.example.bmobexample.bean.GameScore{*;}
-keep class com.example.bmobexample.bean.MyUser{*;}
-keep class com.example.bmobexample.bean.Person{*;}
-keep class com.example.bmobexample.file.Movie{*;}
-keep class com.example.bmobexample.file.Song{*;}
-keep class com.example.bmobexample.relation.Post{*;}
-keep class com.example.bmobexample.relation.Comment{*;}

# keep BmobPush不被混淆
-dontwarn  cn.bmob.push.**
-keep class cn.bmob.push.** {*;}

# keep okhttp3、okio不被混淆
-dontwarn okhttp3.**
-keep class okhttp3.** { *;}
-keep interface okhttp3.** { *; }
-dontwarn okio.**

# keep rx不被混淆
-dontwarn sun.misc.**
-keepclassmembers class rx.internal.util.unsafe.*ArrayQueue*Field* {
 long producerIndex;
 long consumerIndex;
}
-keepclassmembers class rx.internal.util.unsafe.BaseLinkedQueueProducerNodeRef {
 rx.internal.util.atomic.LinkedQueueNode producerNode;
}
-keepclassmembers class rx.internal.util.unsafe.BaseLinkedQueueConsumerNodeRef {
 rx.internal.util.atomic.LinkedQueueNode consumerNode;
}

# 如果你需要兼容6.0系统，请不要混淆org.apache.http.legacy.jar
-dontwarn android.net.compatibility.**
-dontwarn android.net.http.**
-dontwarn com.android.internal.http.multipart.**
-dontwarn org.apache.commons.**
-dontwarn org.apache.http.**
-keep class android.net.compatibility.**{*;}
-keep class android.net.http.**{*;}
-keep class com.android.internal.http.multipart.**{*;}
-keep class org.apache.commons.**{*;}
-keep class org.apache.http.**{*;}