app/build/intermediates/proguard-rules/release/aapt_rules.txt
# Referenced at res/layout/design_bottom_navigation_item.xml:0
-keep class android.support.design.internal.BaselineLayout { <init>(...); }

# Referenced at res/layout/design_navigation_item.xml:0
-keep class android.support.design.internal.NavigationMenuItemView { <init>(...); }

# Referenced at res/layout/design_navigation_menu.xml:0
-keep class android.support.design.internal.NavigationMenuView { <init>(...); }

# Referenced at res/layout/design_layout_snackbar_include.xml:0
-keep class android.support.design.internal.SnackbarContentLayout { <init>(...); }

# Referenced at stripped.dir/layout/activity_add.xml:0
# Referenced at stripped.dir/layout/activity_setting.xml:0
# Referenced at stripped.dir/layout/note_fragment.xml:0
-keep class android.support.design.widget.AppBarLayout { <init>(...); }

# Referenced at res/layout/design_text_input_password_icon.xml:0
-keep class android.support.design.widget.CheckableImageButton { <init>(...); }

# Referenced at stripped.dir/layout/activity_add.xml:0
# Referenced at stripped.dir/layout/note_fragment.xml:0
-keep class android.support.design.widget.CollapsingToolbarLayout { <init>(...); }

# Referenced at res/layout/design_bottom_sheet_dialog.xml:0
# Referenced at stripped.dir/layout/activity_add.xml:0
# Referenced at stripped.dir/layout/diary_fragment.xml:0
# Referenced at stripped.dir/layout/main_content.xml:0
# Referenced at stripped.dir/layout/note_fragment.xml:0
-keep class android.support.design.widget.CoordinatorLayout { <init>(...); }

# Referenced at stripped.dir/layout/diary_fragment.xml:0
# Referenced at stripped.dir/layout/note_fragment.xml:0
-keep class android.support.design.widget.FloatingActionButton { <init>(...); }

# Referenced at stripped.dir/layout/activity_main.xml:0
-keep class android.support.design.widget.NavigationView { <init>(...); }

# Referenced at res/layout-sw600dp-v13/design_layout_snackbar.xml:0
# Referenced at res/layout/design_layout_snackbar.xml:0
-keep class android.support.design.widget.Snackbar$SnackbarLayout { <init>(...); }

# Referenced at stripped.dir/layout/activity_guide.xml:0
-keep class android.support.v4.view.ViewPager { <init>(...); }

# Referenced at stripped.dir/layout/activity_main.xml:0
-keep class android.support.v4.widget.DrawerLayout { <init>(...); }

# Referenced at res/layout/abc_alert_dialog_material.xml:0
# Referenced at stripped.dir/layout/activity_add.xml:0
-keep class android.support.v4.widget.NestedScrollView { <init>(...); }

# Referenced at res/layout/abc_alert_dialog_button_bar_material.xml:0
# Referenced at res/layout/abc_alert_dialog_material.xml:0
# Referenced at res/layout/abc_alert_dialog_title_material.xml:0
-keep class android.support.v4.widget.Space { <init>(...); }

# Referenced at stripped.dir/layout/diary_fragment.xml:0
-keep class android.support.v4.widget.SwipeRefreshLayout { <init>(...); }

# Referenced at res/layout/abc_select_dialog_material.xml:0
-keep class android.support.v7.app.AlertController$RecycleListView { <init>(...); }

# Referenced at res/layout/abc_action_menu_item_layout.xml:0
-keep class android.support.v7.view.menu.ActionMenuItemView { <init>(...); }

# Referenced at res/layout/abc_expanded_menu_layout.xml:0
-keep class android.support.v7.view.menu.ExpandedMenuView { <init>(...); }

# Referenced at res/layout/abc_list_menu_item_layout.xml:0
# Referenced at res/layout/abc_popup_menu_item_layout.xml:0
-keep class android.support.v7.view.menu.ListMenuItemView { <init>(...); }

# Referenced at res/layout-v26/abc_screen_toolbar.xml:0
# Referenced at res/layout/abc_screen_toolbar.xml:0
-keep class android.support.v7.widget.ActionBarContainer { <init>(...); }

# Referenced at res/layout-v26/abc_screen_toolbar.xml:0
# Referenced at res/layout/abc_action_mode_bar.xml:0
# Referenced at res/layout/abc_screen_toolbar.xml:0
-keep class android.support.v7.widget.ActionBarContextView { <init>(...); }

# Referenced at res/layout-v26/abc_screen_toolbar.xml:0
# Referenced at res/layout/abc_screen_toolbar.xml:0
-keep class android.support.v7.widget.ActionBarOverlayLayout { <init>(...); }

# Referenced at res/layout/abc_action_menu_layout.xml:0
-keep class android.support.v7.widget.ActionMenuView { <init>(...); }

# Referenced at res/layout/abc_activity_chooser_view.xml:0
-keep class android.support.v7.widget.ActivityChooserView$InnerLayout { <init>(...); }

# Referenced at res/layout/abc_alert_dialog_material.xml:0
-keep class android.support.v7.widget.AlertDialogLayout { <init>(...); }

# Referenced at res/layout/abc_alert_dialog_button_bar_material.xml:0
-keep class android.support.v7.widget.ButtonBarLayout { <init>(...); }

# Referenced at res/layout/note_recycler.xml:0
-keep class android.support.v7.widget.CardView { <init>(...); }

# Referenced at res/layout/abc_screen_content_include.xml:0
-keep class android.support.v7.widget.ContentFrameLayout { <init>(...); }

# Referenced at res/layout/abc_alert_dialog_title_material.xml:0
-keep class android.support.v7.widget.DialogTitle { <init>(...); }

# Referenced at res/layout/abc_screen_simple_overlay_action_mode.xml:0
-keep class android.support.v7.widget.FitWindowsFrameLayout { <init>(...); }

# Referenced at res/layout/abc_dialog_title_material.xml:0
# Referenced at res/layout/abc_screen_simple.xml:0
-keep class android.support.v7.widget.FitWindowsLinearLayout { <init>(...); }

# Referenced at stripped.dir/layout/activity_add.xml:0
# Referenced at stripped.dir/layout/diary_fragment.xml:0
# Referenced at stripped.dir/layout/note_fragment.xml:0
# Referenced at stripped.dir/layout/table_fragment.xml:0
-keep class android.support.v7.widget.RecyclerView { <init>(...); }

# Referenced at res/layout/abc_search_view.xml:0
-keep class android.support.v7.widget.SearchView$SearchAutoComplete { <init>(...); }

# Referenced at res/layout-v26/abc_screen_toolbar.xml:0
# Referenced at res/layout/abc_screen_toolbar.xml:0
# Referenced at stripped.dir/layout/activity_add.xml:0
# Referenced at stripped.dir/layout/activity_add_note.xml:0
# Referenced at stripped.dir/layout/activity_login.xml:0
# Referenced at stripped.dir/layout/activity_profile.xml:0
# Referenced at stripped.dir/layout/activity_register.xml:0
# Referenced at stripped.dir/layout/activity_setting.xml:0
# Referenced at stripped.dir/layout/main_fragment.xml:0
# Referenced at stripped.dir/layout/memo_fragment.xml:0
# Referenced at stripped.dir/layout/note_fragment.xml:0
-keep class android.support.v7.widget.Toolbar { <init>(...); }

# Referenced at res/layout/abc_screen_simple.xml:0
# Referenced at res/layout/abc_screen_simple_overlay_action_mode.xml:0
-keep class android.support.v7.widget.ViewStubCompat { <init>(...); }

# Referenced at full/release/AndroidManifest.xml:70
-keep class com.din.myhjc.activities.AddActivity { <init>(...); }

# Referenced at full/release/AndroidManifest.xml:73
-keep class com.din.myhjc.activities.AddNoteActivity { <init>(...); }

# Referenced at full/release/AndroidManifest.xml:66
-keep class com.din.myhjc.activities.GuideActivity { <init>(...); }

# Referenced at full/release/AndroidManifest.xml:67
-keep class com.din.myhjc.activities.LoginActivity { <init>(...); }

# Referenced at full/release/AndroidManifest.xml:65
-keep class com.din.myhjc.activities.MainActivity { <init>(...); }

# Referenced at full/release/AndroidManifest.xml:47
-keep class com.din.myhjc.activities.MyContent { <init>(...); }

# Referenced at full/release/AndroidManifest.xml:80
-keep class com.din.myhjc.activities.ProfileActivity { <init>(...); }

# Referenced at full/release/AndroidManifest.xml:68
-keep class com.din.myhjc.activities.RegisterActivity { <init>(...); }

# Referenced at full/release/AndroidManifest.xml:69
-keep class com.din.myhjc.activities.SettingActivity { <init>(...); }

# Referenced at full/release/AndroidManifest.xml:55
-keep class com.din.myhjc.activities.SplashActivity { <init>(...); }

# Referenced at full/release/AndroidManifest.xml:64
-keep class com.din.myhjc.activities.StartActivity { <init>(...); }

# Referenced at full/release/AndroidManifest.xml:74
-keep class com.din.myhjc.fragment.Memo { <init>(...); }

# Referenced at res/layout/diary.xml:0
-keep class com.din.myhjc.utils.CircleTimeView { <init>(...); }

# Referenced at stripped.dir/layout/activity_add_note.xml:0
# Referenced at stripped.dir/layout/activity_login.xml:0
# Referenced at stripped.dir/layout/activity_register.xml:0
# Referenced at res/layout/add_dialog.xml:0
-keep class com.din.myhjc.utils.ClearEditText { <init>(...); }

# Referenced at stripped.dir/layout/activity_add_note.xml:0
-keep class com.din.myhjc.utils.StationeryEditText { <init>(...); }

# Referenced at stripped.dir/layout/activity_login.xml:0
# Referenced at stripped.dir/layout/activity_register.xml:0
-keep class com.din.myhjc.utils.TransitionView { <init>(...); }

# Referenced at stripped.dir/layout/activity_login.xml:0
# Referenced at stripped.dir/layout/activity_profile.xml:0
# Referenced at stripped.dir/layout/activity_register.xml:0
# Referenced at stripped.dir/layout/activity_start.xml:0
-keepclassmembers class * { *** onClick(...); }