app/build/outputs/mapping/release/seeds.txt
com.din.myhjc.R$anim
com.din.myhjc.R$anim: int abc_fade_in
com.din.myhjc.R$anim: int abc_fade_out
com.din.myhjc.R$anim: int abc_grow_fade_in_from_bottom
com.din.myhjc.R$anim: int abc_popup_enter
com.din.myhjc.R$anim: int abc_popup_exit
com.din.myhjc.R$anim: int abc_shrink_fade_out_from_bottom
com.din.myhjc.R$anim: int abc_slide_in_bottom
com.din.myhjc.R$anim: int abc_slide_in_top
com.din.myhjc.R$anim: int abc_slide_out_bottom
com.din.myhjc.R$anim: int abc_slide_out_top
com.din.myhjc.R$anim: int design_bottom_sheet_slide_in
com.din.myhjc.R$anim: int design_bottom_sheet_slide_out
com.din.myhjc.R$anim: int design_snackbar_in
com.din.myhjc.R$anim: int design_snackbar_out
com.din.myhjc.R$anim: int dialog_enter
com.din.myhjc.R$anim: int dialog_exit
com.din.myhjc.R$anim: int slide_left_in
com.din.myhjc.R$anim: int slide_left_out
com.din.myhjc.R$anim: int slide_right_in
com.din.myhjc.R$anim: int slide_right_out
com.din.myhjc.R$anim: int tooltip_enter
com.din.myhjc.R$anim: int tooltip_exit
com.din.myhjc.R$anim: R$anim()
com.din.myhjc.R$animator
com.din.myhjc.R$animator: int design_appbar_state_list_animator
com.din.myhjc.R$animator: R$animator()
com.din.myhjc.R$array
com.din.myhjc.R$array: int color_select
com.din.myhjc.R$array: int color_value
com.din.myhjc.R$array: int sex_name
com.din.myhjc.R$array: int sex_value
com.din.myhjc.R$array: R$array()
com.din.myhjc.R$attr
com.din.myhjc.R$attr: int actionBarDivider
com.din.myhjc.R$attr: int actionBarItemBackground
com.din.myhjc.R$attr: int actionBarPopupTheme
com.din.myhjc.R$attr: int actionBarSize
com.din.myhjc.R$attr: int actionBarSplitStyle
com.din.myhjc.R$attr: int actionBarStyle
com.din.myhjc.R$attr: int actionBarTabBarStyle
com.din.myhjc.R$attr: int actionBarTabStyle
com.din.myhjc.R$attr: int actionBarTabTextStyle
com.din.myhjc.R$attr: int actionBarTheme
com.din.myhjc.R$attr: int actionBarWidgetTheme
com.din.myhjc.R$attr: int actionButtonStyle
com.din.myhjc.R$attr: int actionDropDownStyle
com.din.myhjc.R$attr: int actionLayout
com.din.myhjc.R$attr: int actionMenuTextAppearance
com.din.myhjc.R$attr: int actionMenuTextColor
com.din.myhjc.R$attr: int actionModeBackground
com.din.myhjc.R$attr: int actionModeCloseButtonStyle
com.din.myhjc.R$attr: int actionModeCloseDrawable
com.din.myhjc.R$attr: int actionModeCopyDrawable
com.din.myhjc.R$attr: int actionModeCutDrawable
com.din.myhjc.R$attr: int actionModeFindDrawable
com.din.myhjc.R$attr: int actionModePasteDrawable
com.din.myhjc.R$attr: int actionModePopupWindowStyle
com.din.myhjc.R$attr: int actionModeSelectAllDrawable
com.din.myhjc.R$attr: int actionModeShareDrawable
com.din.myhjc.R$attr: int actionModeSplitBackground
com.din.myhjc.R$attr: int actionModeStyle
com.din.myhjc.R$attr: int actionModeWebSearchDrawable
com.din.myhjc.R$attr: int actionOverflowButtonStyle
com.din.myhjc.R$attr: int actionOverflowMenuStyle
com.din.myhjc.R$bool
com.din.myhjc.R$bool: int abc_action_bar_embed_tabs
com.din.myhjc.R$bool: int abc_allow_stacked_button_bar
com.din.myhjc.R$bool: int abc_config_actionMenuItemAllCaps
com.din.myhjc.R$bool: int abc_config_closeDialogWhenTouchOutside
com.din.myhjc.R$bool: int abc_config_showMenuShortcutsWhenKeyboardPresent
com.din.myhjc.R$bool: R$bool()
...
android.support.v7.app.WindowDecorActionBar$ActionModeImpl
android.support.v7.app.WindowDecorActionBar$ActionModeImpl: android.content.Context mActionModeContext
android.support.v7.app.WindowDecorActionBar$ActionModeImpl: android.support.v7.view.menu.MenuBuilder mMenu
android.support.v7.app.WindowDecorActionBar$ActionModeImpl: android.support.v7.view.ActionMode$Callback mCallback
android.support.v7.app.WindowDecorActionBar$ActionModeImpl: java.lang.ref.WeakReference mCustomView
android.support.v7.app.WindowDecorActionBar$ActionModeImpl: android.support.v7.app.WindowDecorActionBar this$0
android.support.v7.app.WindowDecorActionBar$ActionModeImpl: WindowDecorActionBar$ActionModeImpl(android.support.v7.app.WindowDecorActionBar,android.content.Context,android.support.v7.view.ActionMode$Callback)
android.support.v7.app.WindowDecorActionBar$ActionModeImpl: android.view.MenuInflater getMenuInflater()
android.support.v7.app.WindowDecorActionBar$ActionModeImpl: android.view.Menu getMenu()
android.support.v7.app.WindowDecorActionBar$ActionModeImpl: void finish()
android.support.v7.app.WindowDecorActionBar$ActionModeImpl: void invalidate()
android.support.v7.app.WindowDecorActionBar$ActionModeImpl: boolean dispatchOnCreate()
android.support.v7.app.WindowDecorActionBar$ActionModeImpl: void setCustomView(android.view.View)
android.support.v7.app.WindowDecorActionBar$ActionModeImpl: void setSubtitle(java.lang.CharSequence)
android.support.v7.app.WindowDecorActionBar$TabImpl
android.support.v7.app.WindowDecorActionBar$TabImpl: android.support.v7.app.ActionBar$TabListener mCallback
android.support.v7.app.WindowDecorActionBar$TabImpl: java.lang.Object mTag
android.support.v7.app.WindowDecorActionBar$TabImpl: android.graphics.drawable.Drawable mIcon
android.support.v7.app.WindowDecorActionBar$TabImpl: java.lang.CharSequence mText
android.support.v7.app.WindowDecorActionBar$TabImpl: java.lang.CharSequence mContentDesc
android.support.v7.app.WindowDecorActionBar$TabImpl: int mPosition
android.support.v7.app.WindowDecorActionBar$TabImpl: android.view.View mCustomView
android.support.v7.app.WindowDecorActionBar$TabImpl: android.support.v7.app.WindowDecorActionBar this$0
android.support.v7.app.WindowDecorActionBar$TabImpl: WindowDecorActionBar$TabImpl(android.support.v7.app.WindowDecorActionBar)
android.support.v7.app.WindowDecorActionBar$TabImpl: java.lang.Object getTag()
android.support.v7.app.WindowDecorActionBar$TabImpl: android.support.v7.app.ActionBar$Tab setTag(java.lang.Object)
android.support.v7.app.WindowDecorActionBar$TabImpl: android.support.v7.app.ActionBar$TabListener getCallback()
android.support.v7.app.WindowDecorActionBar$TabImpl: android.support.v7.app.ActionBar$Tab setTabListener(android.support.v7.app.ActionBar$TabListener)
android.support.v7.app.WindowDecorActionBar$TabImpl: android.view.View getCustomView()
android.support.v7.appcompat.BuildConfig
android.support.v7.appcompat.BuildConfig: boolean DEBUG
android.support.v7.appcompat.BuildConfig: java.lang.String APPLICATION_ID
android.support.v7.appcompat.BuildConfig: java.lang.String BUILD_TYPE
android.support.v7.appcompat.BuildConfig: java.lang.String FLAVOR
android.support.v7.appcompat.BuildConfig: int VERSION_CODE
android.support.v7.appcompat.BuildConfig: java.lang.String VERSION_NAME
android.support.v7.appcompat.BuildConfig: BuildConfig()
android.support.v7.appcompat.R
android.support.v7.appcompat.R: R()