app/build/outputs/mapping/release/mapping.txt
com.din.myhjc.R -> com.din.myhjc.R:
com.din.myhjc.R$anim -> com.din.myhjc.R$anim:
    int abc_fade_in -> abc_fade_in
    int abc_fade_out -> abc_fade_out
    int abc_grow_fade_in_from_bottom -> abc_grow_fade_in_from_bottom
    int abc_popup_enter -> abc_popup_enter
    int abc_popup_exit -> abc_popup_exit
    int abc_shrink_fade_out_from_bottom -> abc_shrink_fade_out_from_bottom
    int abc_slide_in_bottom -> abc_slide_in_bottom
    int abc_slide_in_top -> abc_slide_in_top
    int abc_slide_out_bottom -> abc_slide_out_bottom
    int abc_slide_out_top -> abc_slide_out_top
    int design_bottom_sheet_slide_in -> design_bottom_sheet_slide_in
    int design_bottom_sheet_slide_out -> design_bottom_sheet_slide_out
    int design_snackbar_in -> design_snackbar_in
    int design_snackbar_out -> design_snackbar_out
    int dialog_enter -> dialog_enter
    int dialog_exit -> dialog_exit
    int slide_left_in -> slide_left_in
    int slide_left_out -> slide_left_out
    int slide_right_in -> slide_right_in
    int slide_right_out -> slide_right_out
    int tooltip_enter -> tooltip_enter
    int tooltip_exit -> tooltip_exit
    11:11:void <init>() -> <init>
com.din.myhjc.R$animator -> com.din.myhjc.R$animator:
    int design_appbar_state_list_animator -> design_appbar_state_list_animator
    35:35:void <init>() -> <init>
com.din.myhjc.R$array -> com.din.myhjc.R$array:
    int color_select -> color_select
    int color_value -> color_value
    int sex_name -> sex_name
    int sex_value -> sex_value
    38:38:void <init>() -> <init>
com.din.myhjc.R$attr -> com.din.myhjc.R$attr:
    int actionBarDivider -> actionBarDivider
    int actionBarItemBackground -> actionBarItemBackground
    int actionBarPopupTheme -> actionBarPopupTheme
    int actionBarSize -> actionBarSize
    int actionBarSplitStyle -> actionBarSplitStyle
    int actionBarStyle -> actionBarStyle
    int actionBarTabBarStyle -> actionBarTabBarStyle
    int actionBarTabStyle -> actionBarTabStyle
    int actionBarTabTextStyle -> actionBarTabTextStyle
    int actionBarTheme -> actionBarTheme
    int actionBarWidgetTheme -> actionBarWidgetTheme
    int actionButtonStyle -> actionButtonStyle
    int actionDropDownStyle -> actionDropDownStyle
    int actionLayout -> actionLayout
    int actionMenuTextAppearance -> actionMenuTextAppearance
    int actionMenuTextColor -> actionMenuTextColor
    int actionModeBackground -> actionModeBackground
    int actionModeCloseButtonStyle -> actionModeCloseButtonStyle
    int actionModeCloseDrawable -> actionModeCloseDrawable
    int actionModeCopyDrawable -> actionModeCopyDrawable
    int actionModeCutDrawable -> actionModeCutDrawable
    int actionModeFindDrawable -> actionModeFindDrawable
    int actionModePasteDrawable -> actionModePasteDrawable
    int actionModePopupWindowStyle -> actionModePopupWindowStyle
    int actionModeSelectAllDrawable -> actionModeSelectAllDrawable
    int actionModeShareDrawable -> actionModeShareDrawable
    int actionModeSplitBackground -> actionModeSplitBackground
com.din.myhjc.R$bool -> com.din.myhjc.R$bool:
    int abc_action_bar_embed_tabs -> abc_action_bar_embed_tabs
    int abc_allow_stacked_button_bar -> abc_allow_stacked_button_bar
    int abc_config_actionMenuItemAllCaps -> abc_config_actionMenuItemAllCaps
    int abc_config_closeDialogWhenTouchOutside -> abc_config_closeDialogWhenTouchOutside
    int abc_config_showMenuShortcutsWhenKeyboardPresent -> abc_config_showMenuShortcutsWhenKeyboardPresent
    3193:3193:void <init>() -> <init>
...
rx.internal.util.InternalObservableUtils$ReplaySupplierTime -> b.d.d.c$m:
    long time -> a
    java.util.concurrent.TimeUnit unit -> b
    rx.Scheduler scheduler -> c
    int bufferSize -> d
    rx.Observable source -> e
    339:345:void <init>(rx.Observable,int,long,java.util.concurrent.TimeUnit,rx.Scheduler) -> <init>
    349:349:rx.observables.ConnectableObservable call() -> a
    331:331:java.lang.Object call() -> call
    331:331:void <init>(rx.Observable,int,long,java.util.concurrent.TimeUnit,rx.Scheduler,rx.internal.util.InternalObservableUtils$1) -> <init>
rx.internal.util.InternalObservableUtils$RetryNotificationDematerializer -> b.d.d.c$n:
    rx.functions.Func1 notificationHandler -> a
    210:212:void <init>(rx.functions.Func1) -> <init>
    216:216:rx.Observable call(rx.Observable) -> a
    207:207:java.lang.Object call(java.lang.Object) -> call
rx.internal.util.InternalObservableUtils$ReturnsVoidFunc1 -> b.d.d.c$o:
    156:156:void <init>() -> <init>
    159:159:java.lang.Void call(java.lang.Object) -> a
    156:156:java.lang.Object call(java.lang.Object) -> call
rx.internal.util.InternalObservableUtils$SelectorAndObserveOn -> b.d.d.c$p:
    rx.functions.Func1 selector -> a
    rx.Scheduler scheduler -> b
    184:187:void <init>(rx.functions.Func1,rx.Scheduler) -> <init>
    193:193:rx.Observable call(rx.Observable) -> a
    178:178:java.lang.Object call(java.lang.Object) -> call
rx.internal.util.InternalObservableUtils$ToArrayFunc1 -> b.d.d.c$q:
    77:77:void <init>() -> <init>
    80:80:rx.Observable[] call(java.util.List) -> a
    77:77:java.lang.Object call(java.lang.Object) -> call
rx.internal.util.ObjectPool -> b.d.d.d:
    java.util.Queue pool -> a
    int minSize -> b
    int maxSize -> c
    long validationInterval -> d
    java.util.concurrent.atomic.AtomicReference periodicTask -> e
    36:37:void <init>() -> <init>
    51:60:void <init>(int,int,long) -> <init>
    70:74:java.lang.Object borrowObject() -> a
    84:89:void returnObject(java.lang.Object) -> a
    96:100:void shutdown() -> d
    105:142:void start() -> b
    java.lang.Object createObject() -> c
    152:161:void initialize(int) -> a
rx.internal.util.ObjectPool$1 -> b.d.d.d$1:
    rx.internal.util.ObjectPool this$0 -> a
    112:112:void <init>(rx.internal.util.ObjectPool) -> <init>
    116:129:void run() -> run
rx.internal.util.ObserverSubscriber -> b.d.d.e:
    rx.Observer observer -> a
    28:30:void <init>(rx.Observer) -> <init>
    34:35:void onNext(java.lang.Object) -> onNext
    39:40:void onError(java.lang.Throwable) -> onError
    44:45:void onCompleted() -> onCompleted
rx.internal.util.OpenHashSet -> b.d.d.f:
    float loadFactor -> a
    int mask -> b
    int size -> c
    int maxSize -> d
    java.lang.Object[] keys -> e
    45:46:void <init>() -> <init>
    57:63:void <init>(int,float) -> <init>
    66:90:boolean add(java.lang.Object) -> a
    93:110:boolean remove(java.lang.Object) -> b
    116:138:boolean removeEntry(int,java.lang.Object[],int) -> a
    160:162:void terminate() -> a
    166:191:void rehash() -> b
    196:197:int mix(int) -> a
    209:209:java.lang.Object[] values() -> c
rx.internal.util.PlatformDependent -> b.d.d.g:
    int ANDROID_API_VERSION -> a
    boolean IS_ANDROID -> b
    42:42:boolean isAndroid() -> a
    52:52:int getAndroidApiVersion() -> b
    64:71:int resolveAndroidApiVersion() -> d
    79:82:java.lang.ClassLoader getSystemClassLoader() -> c
    33:35:void <clinit>() -> <clinit>
rx.internal.util.PlatformDependent$1 -> b.d.d.g$1:
    82:82:void <init>() -> <init>
    85:85:java.lang.ClassLoader run() -> a
    82:82:java.lang.Object run() -> run
rx.internal.util.RxJavaPluginUtils -> b.d.d.h:
    24:28:void handleException(java.lang.Throwable) -> a
    36:38:void handlePluginException(java.lang.Throwable) -> b