app/build/outputs/mapping/release/usage.txt
com.din.myhjc.BR
com.din.myhjc.BuildConfig
com.din.myhjc.R:
    10:10:public R()
com.din.myhjc.activities.MyContent:
    17:17:public static android.content.Context getContext()
com.din.myhjc.activities.SettingActivity:
    private static final java.lang.String DATABASES
    private static final java.lang.String SHAREFERENCES
com.din.myhjc.adapter.DiaryAdapter:
    private static final int ITEM_TYPE_HEADER
    private static final int ITEM_TYPE_CONTENT
    private static final int ITEM_TYPE_NAV
com.din.myhjc.adapter.FragmentAdapter:
    12:16:public FragmentAdapter(android.support.v4.app.FragmentManager,java.util.List)
com.din.myhjc.adapter.StickyItemDecoration$StickyView
com.din.myhjc.adapter.TableAdapter:
    46:49:public TableAdapter(android.content.Context,java.util.List)
com.din.myhjc.content.ListDiary:
    private static final int ITEM_TYPE_HEAD
    private static final int ITEM_TYPE_CONTENT
    private static final int ITEM_TYPE_NAV
    57:58:public void setId(int)
    65:66:public void setYear(java.lang.String)
    73:74:public void setMonth(java.lang.String)
    77:77:public java.lang.String getDay()
    81:82:public void setDay(java.lang.String)
    89:90:public void setContents(java.lang.String)
    97:98:public void setWeek(java.lang.String)
    105:106:public void setWeather(java.lang.String)
    113:114:public void setNav(java.lang.String)
    121:122:public void setItemType(int)
com.din.myhjc.content.ListNote:
    private java.lang.String time
    19:20:public void setId(int)
    23:23:public java.lang.String getTime()
    27:28:public void setTime(java.lang.String)
    35:36:public void setTitle(java.lang.String)
    43:44:public void setContent(java.lang.String)
com.din.myhjc.content.ListTable:
    private int id
    8:12:public ListTable(int,java.lang.String,java.lang.String)
    23:23:public int getId()
com.din.myhjc.content.Single:
    21:22:public void setText(java.lang.String)
    29:30:public void setImageId(int)
com.din.myhjc.databinding.ActivityAddBinding:
    109:110:public boolean setVariable(int,java.lang.Object)
    115:117:protected boolean onFieldChange(int,java.lang.Object,int)
    136:136:public static com.din.myhjc.databinding.ActivityAddBinding inflate(android.view.LayoutInflater,android.view.ViewGroup,boolean)
    140:140:public static com.din.myhjc.databinding.ActivityAddBinding inflate(android.view.LayoutInflater,android.view.ViewGroup,boolean,android.databinding.DataBindingComponent)
    144:144:public static com.din.myhjc.databinding.ActivityAddBinding inflate(android.view.LayoutInflater)
    148:148:public static com.din.myhjc.databinding.ActivityAddBinding inflate(android.view.LayoutInflater,android.databinding.DataBindingComponent)
    152:152:public static com.din.myhjc.databinding.ActivityAddBinding bind(android.view.View)
com.din.myhjc.databinding.ActivityAddNoteBinding:
    85:86:public boolean setVariable(int,java.lang.Object)
    91:93:protected boolean onFieldChange(int,java.lang.Object,int)
    112:112:public static com.din.myhjc.databinding.ActivityAddNoteBinding inflate(android.view.LayoutInflater,android.view.ViewGroup,boolean)
    116:116:public static com.din.myhjc.databinding.ActivityAddNoteBinding inflate(android.view.LayoutInflater,android.view.ViewGroup,boolean,android.databinding.DataBindingComponent)
    120:120:public static com.din.myhjc.databinding.ActivityAddNoteBinding inflate(android.view.LayoutInflater)
    124:124:public static com.din.myhjc.databinding.ActivityAddNoteBinding inflate(android.view.LayoutInflater,android.databinding.DataBindingComponent)
    128:128:public static com.din.myhjc.databinding.ActivityAddNoteBinding bind(android.view.View)
...
android.databinding.adapters.CalendarViewBindingAdapter
android.databinding.adapters.CalendarViewBindingAdapter$1
android.databinding.adapters.CardViewBindingAdapter
android.databinding.adapters.CheckedTextViewBindingAdapter
android.databinding.adapters.ChronometerBindingAdapter
android.databinding.adapters.CompoundButtonBindingAdapter
android.databinding.adapters.CompoundButtonBindingAdapter$1
android.databinding.adapters.Converters
android.databinding.adapters.DatePickerBindingAdapter
android.databinding.adapters.DatePickerBindingAdapter$1
android.databinding.adapters.DatePickerBindingAdapter$DateChangedListener
android.databinding.adapters.ExpandableListViewBindingAdapter
android.databinding.adapters.FrameLayoutBindingAdapter
android.databinding.adapters.ImageViewBindingAdapter
android.databinding.adapters.LinearLayoutBindingAdapter
android.databinding.adapters.ListenerUtil
android.databinding.adapters.NumberPickerBindingAdapter
android.databinding.adapters.NumberPickerBindingAdapter$1
android.databinding.adapters.ObservableListAdapter
android.databinding.adapters.ObservableListAdapter$1
android.databinding.adapters.ProgressBarBindingAdapter
android.databinding.adapters.RadioGroupBindingAdapter
android.databinding.adapters.RadioGroupBindingAdapter$1
android.databinding.adapters.RatingBarBindingAdapter
android.databinding.adapters.RatingBarBindingAdapter$1
android.databinding.adapters.SearchViewBindingAdapter
android.databinding.adapters.SearchViewBindingAdapter$1
android.databinding.adapters.SearchViewBindingAdapter$2
android.databinding.adapters.SearchViewBindingAdapter$OnQueryTextChange
android.databinding.adapters.SearchViewBindingAdapter$OnQueryTextSubmit
android.databinding.adapters.SearchViewBindingAdapter$OnSuggestionClick
android.databinding.adapters.SearchViewBindingAdapter$OnSuggestionSelect
android.databinding.adapters.SeekBarBindingAdapter
android.databinding.adapters.SeekBarBindingAdapter$1
android.databinding.adapters.SeekBarBindingAdapter$OnProgressChanged
android.databinding.adapters.SeekBarBindingAdapter$OnStartTrackingTouch
android.databinding.adapters.SeekBarBindingAdapter$OnStopTrackingTouch
android.databinding.adapters.SpinnerBindingAdapter
android.databinding.adapters.SwitchBindingAdapter
android.databinding.adapters.SwitchCompatBindingAdapter
android.databinding.adapters.TabHostBindingAdapter
android.databinding.adapters.TabHostBindingAdapter$1
android.databinding.adapters.TabWidgetBindingAdapter
android.databinding.adapters.TableLayoutBindingAdapter
android.databinding.adapters.TextViewBindingAdapter
android.databinding.adapters.TextViewBindingAdapter$1
android.databinding.adapters.TextViewBindingAdapter$AfterTextChanged
android.databinding.adapters.TextViewBindingAdapter$BeforeTextChanged
android.databinding.adapters.TextViewBindingAdapter$OnTextChanged
android.databinding.adapters.TimePickerBindingAdapter
android.databinding.adapters.TimePickerBindingAdapter$1
android.databinding.adapters.ToolbarBindingAdapter
android.databinding.adapters.VideoViewBindingAdapter
android.databinding.adapters.ViewBindingAdapter
android.databinding.adapters.ViewBindingAdapter$1
android.databinding.adapters.ViewBindingAdapter$OnViewAttachedToWindow
android.databinding.adapters.ViewBindingAdapter$OnViewDetachedFromWindow
android.databinding.adapters.ViewGroupBindingAdapter
android.databinding.adapters.ViewGroupBindingAdapter$1
android.databinding.adapters.ViewGroupBindingAdapter$2
android.databinding.adapters.ViewGroupBindingAdapter$OnAnimationEnd
android.databinding.adapters.ViewGroupBindingAdapter$OnAnimationRepeat
android.databinding.adapters.ViewGroupBindingAdapter$OnAnimationStart
android.databinding.adapters.ViewGroupBindingAdapter$OnChildViewAdded
android.databinding.adapters.ViewGroupBindingAdapter$OnChildViewRemoved
android.databinding.adapters.ViewStubBindingAdapter
android.databinding.adapters.ZoomControlsBindingAdapter
android.databinding.layouts.DataBindingInfo
cn.bmob.aar.BuildConfig